report@config:load 29.39
Authorized using stored user info.
report@account:authorize 8.34
Exporting assets from Unity...........

[ Stage1 ] Assets exported from Unity and staged for further processing
report@unity:export 8114.81
report@config:load 29.69
Using /Users/son.dinh/Documents/_Private/INDIEZ/drifting-car/Assets/TextMesh Pro/Fonts/LiberationSans.ttf file to generate an atlas for LiberationSans[28030] font
  Using alphabet  ??1234567890-=qwertyuiop[]asdfghjkl;'\`zxcvbnm,./??!@#$%^&*()_+QWERTYUIOP{}ASDFGHJKL:"|~ZXCVBNM<>?
Using /Users/son.dinh/Documents/_Private/INDIEZ/drifting-car/Assets/Font/Oxanium/Oxanium-Bold.ttf file to generate an atlas for Oxanium-Bold[28012] font
  Using alphabet  ??1234567890-=qwertyuiop[]asdfghjkl;'\`zxcvbnm,./??!@#$%^&*()_+QWERTYUIOP{}ASDFGHJKL:"|~ZXCVBNM<>?
Combined 97 glyphs into bitmap texture at /Users/son.dinh/Documents/_Private/INDIEZ/drifting-car/LunaTemp/stage1/tmp/fonts/Oxanium-Bold-28012/output_0.png (41kb)
Combined 97 glyphs into bitmap texture at /Users/son.dinh/Documents/_Private/INDIEZ/drifting-car/LunaTemp/stage1/tmp/fonts/LiberationSans-28030/output_0.png (56kb)
Found custom rules for texture Assets/TextMesh Pro/Resources/Fonts & Materials/LiberationSans SDF - Fallback.asset
  {"maxWidth":512,"maxHeight":512,"format":"png32","compression":"none","quality":65,"script":"","ext":"","name":"Assets/TextMesh Pro/Resources/Fonts & Materials/LiberationSans SDF - Fallback.asset","isOverride":true}
Found custom rules for texture Assets/TextMesh Pro/Resources/Fonts & Materials/LiberationSans SDF.asset
  {"maxWidth":512,"maxHeight":512,"format":"png32","compression":"none","quality":65,"script":"","ext":"","name":"Assets/TextMesh Pro/Resources/Fonts & Materials/LiberationSans SDF.asset","isOverride":true}
Found custom rules for texture Assets/Font/Oxanium/Oxanium-Bold SDF.asset
  {"maxWidth":512,"maxHeight":512,"format":"png32","compression":"none","quality":65,"script":"","ext":"","name":"Assets/Font/Oxanium/Oxanium-Bold SDF.asset","isOverride":true}
Resources:
{}
report@assets:stage2 6069.65
report@assets:stage3 411.57
[ Stage2 ] Assets postprocessed and bundled successfully
report@config:unity 0.08
report@config:load 13.28
report@config:unity 0.03
report@code:compose 115.08
Authorized using stored user info.
report@account:authorize 3.60
Microsoft (R) Build Engine version 16.10.1 for Mono
Copyright (C) Microsoft Corporation. All rights reserved.


Build started 4/28/2025 2:15:31 PM.

Project "/Users/son.dinh/Documents/_Private/INDIEZ/6.3.0/pipeline/templates/LunaCompiler/Scripts/Scripts.csproj" on node 1 (Rebuild target(s)).

CoreClean:

  Deleting file "/Users/son.dinh/Documents/_Private/INDIEZ/6.3.0/pipeline/templates/LunaCompiler/Scripts/bin/Debug/UnityScriptsCompiler.dll".

  Deleting file "/Users/son.dinh/Documents/_Private/INDIEZ/6.3.0/pipeline/templates/LunaCompiler/Scripts/bin/Debug/UnityScriptsCompiler.pdb".

  Deleting file "/Users/son.dinh/Documents/_Private/INDIEZ/6.3.0/pipeline/templates/LunaCompiler/Scripts/bin/Debug/Bridge.dll".

  Deleting file "/Users/son.dinh/Documents/_Private/INDIEZ/6.3.0/pipeline/templates/LunaCompiler/Scripts/bin/Debug/Bridge.Html5.dll".

  Deleting file "/Users/son.dinh/Documents/_Private/INDIEZ/6.3.0/pipeline/templates/LunaCompiler/Scripts/bin/Debug/Bridge.WebGL.dll".
  Deleting file "/Users/son.dinh/Documents/_Private/INDIEZ/6.3.0/pipeline/templates/LunaCompiler/Scripts/bin/Debug/DOTween.dll".

  Deleting file "/Users/son.dinh/Documents/_Private/INDIEZ/6.3.0/pipeline/templates/LunaCompiler/Scripts/bin/Debug/Newtonsoft.Json.dll".

  Deleting file "/Users/son.dinh/Documents/_Private/INDIEZ/6.3.0/pipeline/templates/LunaCompiler/Scripts/bin/Debug/Retyped.Core.dll".

  Deleting file "/Users/son.dinh/Documents/_Private/INDIEZ/6.3.0/pipeline/templates/LunaCompiler/Scripts/bin/Debug/Retyped.dom.dll".

  Deleting file "/Users/son.dinh/Documents/_Private/INDIEZ/6.3.0/pipeline/templates/LunaCompiler/Scripts/bin/Debug/Retyped.es5.dll".

  Deleting file "/Users/son.dinh/Documents/_Private/INDIEZ/6.3.0/pipeline/templates/LunaCompiler/Scripts/bin/Debug/Retyped.scripthost.dll".

  Deleting file "/Users/son.dinh/Documents/_Private/INDIEZ/6.3.0/pipeline/templates/LunaCompiler/Scripts/bin/Debug/UnityEngine.dll".

  Deleting file "/Users/son.dinh/Documents/_Private/INDIEZ/6.3.0/pipeline/templates/LunaCompiler/Scripts/bin/Debug/UnityEngine.UI.dll".

  Deleting file "/Users/son.dinh/Documents/_Private/INDIEZ/6.3.0/pipeline/templates/LunaCompiler/Scripts/bin/Debug/UnityEngine.UniversalRenderPipeline.dll".

  Deleting file "/Users/son.dinh/Documents/_Private/INDIEZ/6.3.0/pipeline/templates/LunaCompiler/Scripts/bin/Debug/Bridge.xml".

  Deleting file "/Users/son.dinh/Documents/_Private/INDIEZ/6.3.0/pipeline/templates/LunaCompiler/Scripts/bin/Debug/Bridge.Html5.xml".

  Deleting file "/Users/son.dinh/Documents/_Private/INDIEZ/6.3.0/pipeline/templates/LunaCompiler/Scripts/bin/Debug/Bridge.WebGL.xml".

  Deleting file "/Users/son.dinh/Documents/_Private/INDIEZ/6.3.0/pipeline/templates/LunaCompiler/Scripts/bin/Debug/Newtonsoft.Json.xml".

  Deleting file "/Users/son.dinh/Documents/_Private/INDIEZ/6.3.0/pipeline/templates/LunaCompiler/Scripts/bin/Debug/Retyped.Core.xml".

  Deleting file "/Users/son.dinh/Documents/_Private/INDIEZ/6.3.0/pipeline/templates/LunaCompiler/Scripts/bin/Debug/Retyped.dom.xml".

  Deleting file "/Users/son.dinh/Documents/_Private/INDIEZ/6.3.0/pipeline/templates/LunaCompiler/Scripts/bin/Debug/Retyped.es5.xml".

  Deleting file "/Users/son.dinh/Documents/_Private/INDIEZ/6.3.0/pipeline/templates/LunaCompiler/Scripts/bin/Debug/Retyped.scripthost.xml".

  Deleting file "/Users/son.dinh/Documents/_Private/INDIEZ/6.3.0/pipeline/templates/LunaCompiler/Scripts/bin/Debug/TextMeshPro.dll".

  Deleting file "/Users/son.dinh/Documents/_Private/INDIEZ/6.3.0/pipeline/templates/LunaCompiler/Scripts/obj/Debug/Scripts.csproj.AssemblyReference.cache".

  Deleting file "/Users/son.dinh/Documents/_Private/INDIEZ/6.3.0/pipeline/templates/LunaCompiler/Scripts/obj/Debug/Scripts.csproj.CoreCompileInputs.cache".

  Deleting file "/Users/son.dinh/Documents/_Private/INDIEZ/6.3.0/pipeline/templates/LunaCompiler/Scripts/obj/Debug/Scripts.csproj.CopyComplete".

  Deleting file "/Users/son.dinh/Documents/_Private/INDIEZ/6.3.0/pipeline/templates/LunaCompiler/Scripts/obj/Debug/UnityScriptsCompiler.dll".

  Deleting file "/Users/son.dinh/Documents/_Private/INDIEZ/6.3.0/pipeline/templates/LunaCompiler/Scripts/obj/Debug/UnityScriptsCompiler.pdb".

GenerateTargetFrameworkMonikerAttribute:
Skipping target "GenerateTargetFrameworkMonikerAttribute" because all output files are up-to-date with respect to the input files.

CoreCompile:

  /Library/Frameworks/Mono.framework/Versions/6.12.0/lib/mono/msbuild/Current/bin/Roslyn/csc.exe /noconfig /nowarn:CS0626,1701,1702 /fullpaths /nostdlib+ /errorreport:prompt /warn:4 /define:UNITY_LUNA;CSHARP_7_OR_LATER;CSHARP_7_3_OR_NEWER;UNITY_5_3_OR_NEWER;UNITY_5_4_OR_NEWER;UNITY_5_5_OR_NEWER;UNITY_2022;UNITY_2017_1_OR_NEWER;UNITY_2017_2_OR_NEWER;UNITY_2017_3_OR_NEWER;UNITY_2017_4_OR_NEWER;UNITY_2018_1_OR_NEWER;UNITY_2018_2_OR_NEWER;UNITY_2018_3_OR_NEWER;UNITY_2018_4_OR_NEWER;UNITY_2019_1_OR_NEWER;UNITY_2019_2_OR_NEWER;UNITY_2019_3_OR_NEWER;UNITY_2019_4_OR_NEWER;UNITY_2020_1_OR_NEWER;UNITY_2020_2_OR_NEWER;UNITY_2020_3_OR_NEWER;UNITY_2021_1_OR_NEWER;UNITY_2021_2_OR_NEWER;UNITY_2021_3_OR_NEWER;UNITY_2022_1_OR_NEWER;UNITY_2022_2_OR_NEWER;UNITY_2022_3_OR_NEWER;UNITY_2022_3;UNITY_2022_3_20 /highentropyva+ /reference:/Users/son.dinh/Documents/_Private/INDIEZ/6.3.0/pipeline/templates/LunaCompiler/packages/Bridge.Core.17.9.42-luna/lib/net40/Bridge.dll /reference:/Users/son.dinh/Documents/_Private/INDIEZ/6.3.0/pipeline/templates/LunaCompiler/packages/Bridge.Html5.17.9.0/lib/net40/Bridge.Html5.dll /reference:/Users/son.dinh/Documents/_Private/INDIEZ/6.3.0/pipeline/templates/LunaCompiler/packages/Bridge.WebGL.1.22.0/lib/net40/Bridge.WebGL.dll /reference:/Users/son.dinh/Documents/_Private/INDIEZ/6.3.0/pipeline/templates/LunaCompiler/packages/DOTween.1.2.705/lib/net40/DOTween.dll /reference:/Users/son.dinh/Documents/_Private/INDIEZ/6.3.0/pipeline/templates/LunaCompiler/packages/Bridge.Newtonsoft.Json.1.16.0/lib/net40/Newtonsoft.Json.dll /reference:/Users/son.dinh/Documents/_Private/INDIEZ/6.3.0/pipeline/templates/LunaCompiler/packages/Retyped.Core.1.6.6733/lib/net40/Retyped.Core.dll /reference:/Users/son.dinh/Documents/_Private/INDIEZ/6.3.0/pipeline/templates/LunaCompiler/packages/Retyped.dom.2.8.6733/lib/net40/Retyped.dom.dll /reference:/Users/son.dinh/Documents/_Private/INDIEZ/6.3.0/pipeline/templates/LunaCompiler/packages/Retyped.es5.2.8.6733/lib/net40/Retyped.es5.dll /reference:/Users/son.dinh/Documents/_Private/INDIEZ/6.3.0/pipeline/templates/LunaCompiler/packages/Retyped.scripthost.2.8.6733/lib/net40/Retyped.scripthost.dll /reference:/Users/son.dinh/Documents/_Private/INDIEZ/6.3.0/pipeline/templates/LunaCompiler/packages/com.unity.textmeshpro/3.0.6/TextMeshPro.dll /reference:/Users/son.dinh/Documents/_Private/INDIEZ/6.3.0/pipeline/templates/LunaCompiler/Scripts/Vendor/UnityEngine.dll /reference:/Users/son.dinh/Documents/_Private/INDIEZ/6.3.0/pipeline/templates/LunaCompiler/packages/com.unity.ui/1.2.1/UnityEngine.UI.dll /reference:/Users/son.dinh/Documents/_Private/INDIEZ/6.3.0/pipeline/templates/LunaCompiler/packages/com.unity.urp/7.6/UnityEngine.UniversalRenderPipeline.dll /debug+ /debug:full /optimize- /out:obj/Debug/UnityScriptsCompiler.dll /subsystemversion:6.00 /target:library /warnaserror- /utf8output /langversion:8 "/Users/son.dinh/Documents/_Private/INDIEZ/drifting-car/LunaTemp/stage3/processed-scripts/Assets/Joystick Pack/Examples/JoystickPlayerExample.cs" "/Users/son.dinh/Documents/_Private/INDIEZ/drifting-car/LunaTemp/stage3/processed-scripts/Assets/Joystick Pack/Examples/JoystickSetterExample.cs" "/Users/son.dinh/Documents/_Private/INDIEZ/drifting-car/LunaTemp/stage3/processed-scripts/Assets/Joystick Pack/Scripts/Base/Joystick.cs" "/Users/son.dinh/Documents/_Private/INDIEZ/drifting-car/LunaTemp/stage3/processed-scripts/Assets/Joystick Pack/Scripts/Joysticks/DynamicJoystick.cs" "/Users/son.dinh/Documents/_Private/INDIEZ/drifting-car/LunaTemp/stage3/processed-scripts/Assets/Joystick Pack/Scripts/Joysticks/FixedJoystick.cs" "/Users/son.dinh/Documents/_Private/INDIEZ/drifting-car/LunaTemp/stage3/processed-scripts/Assets/Joystick Pack/Scripts/Joysticks/FloatingJoystick.cs" "/Users/son.dinh/Documents/_Private/INDIEZ/drifting-car/LunaTemp/stage3/processed-scripts/Assets/Joystick Pack/Scripts/Joysticks/VariableJoystick.cs" /Users/son.dinh/Documents/_Private/INDIEZ/drifting-car/LunaTemp/stage3/processed-scripts/Assets/PathCreator/Core/Runtime/Objects/BezierPath.cs /Users/son.dinh/Documents/_Private/INDIEZ/drifting-car/LunaTemp/stage3/processed-scripts/Assets/PathCreator/Core/Runtime/Objects/EndOfPathInstruction.cs /Users/son.dinh/Documents/_Private/INDIEZ/drifting-car/LunaTemp/stage3/processed-scripts/Assets/PathCreator/Core/Runtime/Objects/GlobalDisplaySettings.cs /Users/son.dinh/Documents/_Private/INDIEZ/drifting-car/LunaTemp/stage3/processed-scripts/Assets/PathCreator/Core/Runtime/Objects/MinMax3D.cs /Users/son.dinh/Documents/_Private/INDIEZ/drifting-car/LunaTemp/stage3/processed-scripts/Assets/PathCreator/Core/Runtime/Objects/PathCreator.cs /Users/son.dinh/Documents/_Private/INDIEZ/drifting-car/LunaTemp/stage3/processed-scripts/Assets/PathCreator/Core/Runtime/Objects/PathCreatorData.cs /Users/son.dinh/Documents/_Private/INDIEZ/drifting-car/LunaTemp/stage3/processed-scripts/Assets/PathCreator/Core/Runtime/Objects/PathSpace.cs /Users/son.dinh/Documents/_Private/INDIEZ/drifting-car/LunaTemp/stage3/processed-scripts/Assets/PathCreator/Core/Runtime/Objects/VertexPath.cs /Users/son.dinh/Documents/_Private/INDIEZ/drifting-car/LunaTemp/stage3/processed-scripts/Assets/PathCreator/Core/Runtime/Utility/CubicBezierUtility.cs /Users/son.dinh/Documents/_Private/INDIEZ/drifting-car/LunaTemp/stage3/processed-scripts/Assets/PathCreator/Core/Runtime/Utility/MathUtility.cs /Users/son.dinh/Documents/_Private/INDIEZ/drifting-car/LunaTemp/stage3/processed-scripts/Assets/PathCreator/Core/Runtime/Utility/VertexPathUtility.cs /Users/son.dinh/Documents/_Private/INDIEZ/drifting-car/LunaTemp/stage3/processed-scripts/Assets/PathCreator/Examples/Scripts/CylinderMeshCreator.cs /Users/son.dinh/Documents/_Private/INDIEZ/drifting-car/LunaTemp/stage3/processed-scripts/Assets/PathCreator/Examples/Scripts/GeneratePathExample.cs /Users/son.dinh/Documents/_Private/INDIEZ/drifting-car/LunaTemp/stage3/processed-scripts/Assets/PathCreator/Examples/Scripts/PathFollower.cs /Users/son.dinh/Documents/_Private/INDIEZ/drifting-car/LunaTemp/stage3/processed-scripts/Assets/PathCreator/Examples/Scripts/PathPlacer.cs /Users/son.dinh/Documents/_Private/INDIEZ/drifting-car/LunaTemp/stage3/processed-scripts/Assets/PathCreator/Examples/Scripts/PathSceneTool.cs /Users/son.dinh/Documents/_Private/INDIEZ/drifting-car/LunaTemp/stage3/processed-scripts/Assets/PathCreator/Examples/Scripts/PathSpawner.cs /Users/son.dinh/Documents/_Private/INDIEZ/drifting-car/LunaTemp/stage3/processed-scripts/Assets/PathCreator/Examples/Scripts/RoadMeshCreator.cs /Users/son.dinh/Documents/_Private/INDIEZ/drifting-car/LunaTemp/stage3/processed-scripts/Assets/Plugins/Demigiant/DOTween/Modules/DOTweenModuleAudio.cs /Users/son.dinh/Documents/_Private/INDIEZ/drifting-car/LunaTemp/stage3/processed-scripts/Assets/Plugins/Demigiant/DOTween/Modules/DOTweenModuleEPOOutline.cs /Users/son.dinh/Documents/_Private/INDIEZ/drifting-car/LunaTemp/stage3/processed-scripts/Assets/Plugins/Demigiant/DOTween/Modules/DOTweenModulePhysics.cs /Users/son.dinh/Documents/_Private/INDIEZ/drifting-car/LunaTemp/stage3/processed-scripts/Assets/Plugins/Demigiant/DOTween/Modules/DOTweenModulePhysics2D.cs /Users/son.dinh/Documents/_Private/INDIEZ/drifting-car/LunaTemp/stage3/processed-scripts/Assets/Plugins/Demigiant/DOTween/Modules/DOTweenModuleSprite.cs /Users/son.dinh/Documents/_Private/INDIEZ/drifting-car/LunaTemp/stage3/processed-scripts/Assets/Plugins/Demigiant/DOTween/Modules/DOTweenModuleUI.cs /Users/son.dinh/Documents/_Private/INDIEZ/drifting-car/LunaTemp/stage3/processed-scripts/Assets/Plugins/Demigiant/DOTween/Modules/DOTweenModuleUnityVersion.cs /Users/son.dinh/Documents/_Private/INDIEZ/drifting-car/LunaTemp/stage3/processed-scripts/Assets/Plugins/Demigiant/DOTween/Modules/DOTweenModuleUtils.cs /Users/son.dinh/Documents/_Private/INDIEZ/drifting-car/LunaTemp/stage3/processed-scripts/Assets/Scripts/Car/AICarController.cs /Users/son.dinh/Documents/_Private/INDIEZ/drifting-car/LunaTemp/stage3/processed-scripts/Assets/Scripts/Car/BaseCarController.cs /Users/son.dinh/Documents/_Private/INDIEZ/drifting-car/LunaTemp/stage3/processed-scripts/Assets/Scripts/Car/DriftCarController.cs /Users/son.dinh/Documents/_Private/INDIEZ/drifting-car/LunaTemp/s
tage3/processed-scripts/Assets/Scripts/Car/ICarController.cs /Users/son.dinh/Documents/_Private/INDIEZ/drifting-car/LunaTemp/stage3/processed-scripts/Assets/Scripts/Game/GameManager.cs /Users/son.dinh/Documents/_Private/INDIEZ/drifting-car/LunaTemp/stage3/processed-scripts/Assets/Scripts/Game/GameUIManager.cs /Users/son.dinh/Documents/_Private/INDIEZ/drifting-car/LunaTemp/stage3/processed-scripts/Assets/Scripts/IsometricCamera.cs /Users/son.dinh/Documents/_Private/INDIEZ/drifting-car/LunaTemp/stage3/processed-scripts/Assets/Scripts/RoadGenerator.cs /Users/son.dinh/Documents/_Private/INDIEZ/drifting-car/LunaTemp/stage3/processed-scripts/Assets/Scripts/RoadGenerator.Spline.cs /Users/son.dinh/Documents/_Private/INDIEZ/drifting-car/LunaTemp/stage3/processed-scripts/Assets/Scripts/Utils/SoundManager.cs Properties/AssemblyInfo.cs Sources/OtherDummyScript.cs "obj/Debug/.NETFramework,Version=v4.7.AssemblyAttributes.cs"

  Using shared compilation with compiler from directory: /Library/Frameworks/Mono.framework/Versions/6.12.0/lib/mono/msbuild/Current/bin/Roslyn

/Users/son.dinh/Documents/_Private/INDIEZ/drifting-car/LunaTemp/stage3/processed-scripts/Assets/PathCreator/Core/Runtime/Objects/PathCreator.cs(17,31): warning CS0169: The field 'PathCreator.globalEditorDisplaySettings' is never used [/Users/son.dinh/Documents/_Private/INDIEZ/6.3.0/pipeline/templates/LunaCompiler/Scripts/Scripts.csproj]

/Users/son.dinh/Documents/_Private/INDIEZ/drifting-car/LunaTemp/stage3/processed-scripts/Assets/Scripts/Game/GameManager.cs(25,17): warning CS0414: The field 'GameManager.carHitCount' is assigned but its value is never used [/Users/son.dinh/Documents/_Private/INDIEZ/6.3.0/pipeline/templates/LunaCompiler/Scripts/Scripts.csproj]

_CopyFilesMarkedCopyLocal:
  Copying file from "/Users/son.dinh/Documents/_Private/INDIEZ/6.3.0/pipeline/templates/LunaCompiler/packages/Bridge.Newtonsoft.Json.1.16.0/lib/net40/Newtonsoft.Json.dll" to "/Users/son.dinh/Documents/_Private/INDIEZ/6.3.0/pipeline/templates/LunaCompiler/Scripts/bin/Debug/Newtonsoft.Json.dll".

  Copying file from "/Users/son.dinh/Documents/_Private/INDIEZ/6.3.0/pipeline/templates/LunaCompiler/packages/DOTween.1.2.705/lib/net40/DOTween.dll" to "/Users/son.dinh/Documents/_Private/INDIEZ/6.3.0/pipeline/templates/LunaCompiler/Scripts/bin/Debug/DOTween.dll".

  Copying file from "/Users/son.dinh/Documents/_Private/INDIEZ/6.3.0/pipeline/templates/LunaCompiler/packages/Retyped.Core.1.6.6733/lib/net40/Retyped.Core.dll" to "/Users/son.dinh/Documents/_Private/INDIEZ/6.3.0/pipeline/templates/LunaCompiler/Scripts/bin/Debug/Retyped.Core.dll".

  Copying file from "/Users/son.dinh/Documents/_Private/INDIEZ/6.3.0/pipeline/templates/LunaCompiler/packages/Bridge.WebGL.1.22.0/lib/net40/Bridge.WebGL.dll" to "/Users/son.dinh/Documents/_Private/INDIEZ/6.3.0/pipeline/templates/LunaCompiler/Scripts/bin/Debug/Bridge.WebGL.dll".
  Copying file from "/Users/son.dinh/Documents/_Private/INDIEZ/6.3.0/pipeline/templates/LunaCompiler/packages/Bridge.Core.17.9.42-luna/lib/net40/Bridge.dll" to "/Users/son.dinh/Documents/_Private/INDIEZ/6.3.0/pipeline/templates/LunaCompiler/Scripts/bin/Debug/Bridge.dll".

  Copying file from "/Users/son.dinh/Documents/_Private/INDIEZ/6.3.0/pipeline/templates/LunaCompiler/packages/Bridge.Html5.17.9.0/lib/net40/Bridge.Html5.dll" to "/Users/son.dinh/Documents/_Private/INDIEZ/6.3.0/pipeline/templates/LunaCompiler/Scripts/bin/Debug/Bridge.Html5.dll".

  Copying file from "/Users/son.dinh/Documents/_Private/INDIEZ/6.3.0/pipeline/templates/LunaCompiler/packages/Retyped.es5.2.8.6733/lib/net40/Retyped.es5.dll" to "/Users/son.dinh/Documents/_Private/INDIEZ/6.3.0/pipeline/templates/LunaCompiler/Scripts/bin/Debug/Retyped.es5.dll".

  Copying file from "/Users/son.dinh/Documents/_Private/INDIEZ/6.3.0/pipeline/templates/LunaCompiler/packages/Retyped.dom.2.8.6733/lib/net40/Retyped.dom.dll" to "/Users/son.dinh/Documents/_Private/INDIEZ/6.3.0/pipeline/templates/LunaCompiler/Scripts/bin/Debug/Retyped.dom.dll".
  Copying file from "/Users/son.dinh/Documents/_Private/INDIEZ/6.3.0/pipeline/templates/LunaCompiler/Scripts/Vendor/UnityEngine.dll" to "/Users/son.dinh/Documents/_Private/INDIEZ/6.3.0/pipeline/templates/LunaCompiler/Scripts/bin/Debug/UnityEngine.dll".

  Copying file from "/Users/son.dinh/Documents/_Private/INDIEZ/6.3.0/pipeline/templates/LunaCompiler/packages/Retyped.scripthost.2.8.6733/lib/net40/Retyped.scripthost.dll" to "/Users/son.dinh/Documents/_Private/INDIEZ/6.3.0/pipeline/templates/LunaCompiler/Scripts/bin/Debug/Retyped.scripthost.dll".

  Copying file from "/Users/son.dinh/Documents/_Private/INDIEZ/6.3.0/pipeline/templates/LunaCompiler/packages/com.unity.textmeshpro/3.0.6/TextMeshPro.dll" to "/Users/son.dinh/Documents/_Private/INDIEZ/6.3.0/pipeline/templates/LunaCompiler/Scripts/bin/Debug/TextMeshPro.dll".

  Copying file from "/Users/son.dinh/Documents/_Private/INDIEZ/6.3.0/pipeline/templates/LunaCompiler/packages/com.unity.ui/1.2.1/UnityEngine.UI.dll" to "/Users/son.dinh/Documents/_Private/INDIEZ/6.3.0/pipeline/templates/LunaCompiler/Scripts/bin/Debug/UnityEngine.UI.dll".

  Copying file from "/Users/son.dinh/Documents/_Private/INDIEZ/6.3.0/pipeline/templates/LunaCompiler/packages/com.unity.urp/7.6/UnityEngine.UniversalRenderPipeline.dll" to "/Users/son.dinh/Documents/_Private/INDIEZ/6.3.0/pipeline/templates/LunaCompiler/Scripts/bin/Debug/UnityEngine.UniversalRenderPipeline.dll".

  Copying file from "/Users/son.dinh/Documents/_Private/INDIEZ/6.3.0/pipeline/templates/LunaCompiler/packages/Bridge.Core.17.9.42-luna/lib/net40/Bridge.xml" to "/Users/son.dinh/Documents/_Private/INDIEZ/6.3.0/pipeline/templates/LunaCompiler/Scripts/bin/Debug/Bridge.xml".

  Copying file from "/Users/son.dinh/Documents/_Private/INDIEZ/6.3.0/pipeline/templates/LunaCompiler/packages/Bridge.Html5.17.9.0/lib/net40/Bridge.Html5.xml" to "/Users/son.dinh/Documents/_Private/INDIEZ/6.3.0/pipeline/templates/LunaCompiler/Scripts/bin/Debug/Bridge.Html5.xml".

  Copying file from "/Users/son.dinh/Documents/_Private/INDIEZ/6.3.0/pipeline/templates/LunaCompiler/packages/Bridge.WebGL.1.22.0/lib/net40/Bridge.WebGL.xml" to "/Users/son.dinh/Documents/_Private/INDIEZ/6.3.0/pipeline/templates/LunaCompiler/Scripts/bin/Debug/Bridge.WebGL.xml".

  Copying file from "/Users/son.dinh/Documents/_Private/INDIEZ/6.3.0/pipeline/templates/LunaCompiler/packages/Bridge.Newtonsoft.Json.1.16.0/lib/net40/Newtonsoft.Json.xml" to "/Users/son.dinh/Documents/_Private/INDIEZ/6.3.0/pipeline/templates/LunaCompiler/Scripts/bin/Debug/Newtonsoft.Json.xml".

  Copying file from "/Users/son.dinh/Documents/_Private/INDIEZ/6.3.0/pipeline/templates/LunaCompiler/packages/Retyped.Core.1.6.6733/lib/net40/Retyped.Core.xml" to "/Users/son.dinh/Documents/_Private/INDIEZ/6.3.0/pipeline/templates/LunaCompiler/Scripts/bin/Debug/Retyped.Core.xml".

  Copying file from "/Users/son.dinh/Documents/_Private/INDIEZ/6.3.0/pipeline/templates/LunaCompiler/packages/Retyped.dom.2.8.6733/lib/net40/Retyped.dom.xml" to "/Users/son.dinh/Documents/_Private/INDIEZ/6.3.0/pipeline/templates/LunaCompiler/Scripts/bin/Debug/Retyped.dom.xml".

  Copying file from "/Users/son.dinh/Documents/_Private/INDIEZ/6.3.0/pipeline/templates/LunaCompiler/packages/Retyped.es5.2.8.6733/lib/net40/Retyped.es5.xml" to "/Users/son.dinh/Documents/_Private/INDIEZ/6.3.0/pipeline/templates/LunaCompiler/Scripts/bin/Debug/Retyped.es5.xml".

  Copying file from "/Users/son.dinh/Documents/_Private/INDIEZ/6.3.0/pipeline/templates/LunaCompiler/packages/Retyped.scripthost.2.8.6733/lib/net40/Retyped.scripthost.xml" to "/Users/son.dinh/Documents/_Private/INDIEZ/6.3.0/pipeline/templates/LunaCompiler/Scripts/bin/Debug/Retyped.scripthost.xml".

  Creating "/Users/son.dinh/Documents/_Private/INDIEZ/6.3.0/pipeline/templates/LunaCompiler/Scripts/obj/Debug/Scripts.csproj.CopyComplete" because "AlwaysCreate" was specified.

CopyFilesToOutputDirectory:
  Copying file from "/Users/son.dinh/Documents/_Private/INDIEZ/6.3.0/pipeline/templates/LunaCompiler/Scripts/obj/Debug/UnityScriptsCompiler.dll" to "/Users/son.dinh/Documents/_Private/INDIEZ/6.3.0/pipeline/templates/LunaCompiler/Scripts/bin/Debug/UnityScriptsCompiler.dll".

  Scripts -> /Users/son.dinh/Documents/_Private/INDIEZ/6.3.0/pipeline/templates/LunaCompiler/Scripts/bin/Debug/UnityScriptsCompiler.dll

  Copying file from "/Users/son.dinh/Documents/_Private/INDIEZ/6.3.0/pipeline/templates/LunaCompiler/Scripts/obj/Debug/UnityScriptsCompiler.pdb" to "/Users/son.dinh/Documents/_Private/INDIEZ/6.3.0/pipeline/templates/LunaCompiler/Scripts/bin/Debug/UnityScriptsCompiler.pdb".

BridgeNetCompilerTask:
  Bridge started

      To enable detailed logging, configure "logging" in bridge.json.

      https://github.com/bridgedotnet/Bridge/wiki/global-configuration#logging

  Bridge done

Done Building Project "/Users/son.dinh/Documents/_Private/INDIEZ/6.3.0/pipeline/templates/LunaCompiler/Scripts/Scripts.csproj" (Rebuild target(s)).



Build succeeded.



"/Users/son.dinh/Documents/_Private/INDIEZ/6.3.0/pipeline/templates/LunaCompiler/Scripts/Scripts.csproj" (Rebuild target) (1) ->

(CoreCompile target) -> 

  /Users/son.dinh/Documents/_Private/INDIEZ/drifting-car/LunaTemp/stage3/processed-scripts/Assets/PathCreator/Core/Runtime/Objects/PathCreator.cs(17,31): warning CS0169: The field 'PathCreator.globalEditorDisplaySettings' is never used [/Users/son.dinh/Documents/_Private/INDIEZ/6.3.0/pipeline/templates/LunaCompiler/Scripts/Scripts.csproj]

  /Users/son.dinh/Documents/_Private/INDIEZ/drifting-car/LunaTemp/stage3/processed-scripts/Assets/Scripts/Game/GameManager.cs(25,17): warning CS0414: The field 'GameManager.carHitCount' is assigned but its value is never used [/Users/son.dinh/Documents/_Private/INDIEZ/6.3.0/pipeline/templates/LunaCompiler/Scripts/Scripts.csproj]



    2 Warning(s)

    0 Error(s)



Time Elapsed 00:00:17.20

Source code compiled successfully!
PHC: LP error code not found in JSON: 3013, JSON file might be outdated. Error message: Sequence contains no matching element

PHC: LP error code not found in JSON: 3013, JSON file might be outdated. Error message: Sequence contains no matching element
PHC: LP error code not found in JSON: 3013, JSON file might be outdated. Error message: Sequence contains no matching element
PHC: LP error code not found in JSON: 3013, JSON file might be outdated. Error message: Sequence contains no matching element

PHC: LP error code not found in JSON: 3015, JSON file might be outdated. Error message: Sequence contains no matching element

Diagnostics gathered successfully
report@code:build 22681.04
report@diagnostics:verify 1.31
report@diagnostics:upload 2258.80
report@code:stage 4960.32
[ Stage3 ] Code compiled and bundled successfully.
report@code:bundle 30036.88
report@package:stage 1377.78
[ Stage4 ] Target platform: develop
[ Stage4 ] Package bundled successfully
report@assets:stats 0.08
